#
# A fatal error has been detected by the Java Runtime Environment:
#
#  EXCEPTION_ACCESS_VIOLATION (0xc0000005) at pc=0x00007ff95f21829a, pid=17088, tid=0x0000000000001178
#
# JRE version: Java(TM) SE Runtime Environment (8.0_151-b12) (build 1.8.0_151-b12)
# Java VM: Java HotSpot(TM) 64-Bit Server VM (25.151-b12 mixed mode windows-amd64 compressed oops)
# Problematic frame:
# C  [lwjgl_stb.dll+0x2829a]
#
# Failed to write core dump. Minidumps are not enabled by default on client versions of Windows
#
# If you would like to submit a bug report, please visit:
#   http://bugreport.java.com/bugreport/crash.jsp
# The crash happened outside the Java Virtual Machine in native code.
# See problematic frame for where to report the bug.
#

---------------  T H R E A D  ---------------

Current thread (0x0000000002d67000):  JavaThread "main" [_thread_in_native, id=4472, stack(0x0000000002ba0000,0x0000000002ca0000)]

siginfo: ExceptionCode=0xc0000005, reading address 0xffffffffffffffff

Registers:
RAX=0x00007ff95f221a20, RBX=0x4749534420000400, RCX=0x0000000021012f50, RDX=0x0000000000000054
RSP=0x0000000002c9e6b8, RBP=0x0000000002c9e7c0, RSI=0x00000000e2330100, RDI=0x00000000215500e0
R8 =0x00000000215500e0, R9 =0x0000000000000054, R10=0x0000000002fa7f48, R11=0x000000005368b4d0
R12=0x0000000000000000, R13=0x0000000000000100, R14=0x00000000e2330100, R15=0x0000000002d67000
RIP=0x00007ff95f21829a, EFLAGS=0x0000000000010202

Top of Stack: (sp=0x0000000002c9e6b8)
0x0000000002c9e6b8:   0000000002c9e810 00000000281ebee0
0x0000000002c9e6c8:   0000000000000000 00000000215500e0
0x0000000002c9e6d8:   00007ff95f21b006 0000000000000108
0x0000000002c9e6e8:   0000000021012f50 0000000002c9e7c0
0x0000000002c9e6f8:   0000000021550180 0000000002d67000
0x0000000002c9e708:   0000000002c9e810 0000000000000108
0x0000000002c9e718:   0000000002fa7f74 00000000281ebee0
0x0000000002c9e728:   0000000002c9e7c0 0000000021550180
0x0000000002c9e738:   0000000000000108 00000000215500e0
0x0000000002c9e748:   0000000021550180 0000000002d67000
0x0000000002c9e758:   00000000281ebee0 0000000021550180
0x0000000002c9e768:   0000000002d67000 0000000002c9e880
0x0000000002c9e778:   0000000002fa7ca2 0000000002c9e780
0x0000000002c9e788:   00000000281ebee0 0000000002c9e810
0x0000000002c9e798:   00000000281f6480 0000000000000000
0x0000000002c9e7a8:   00000000281ebee0 0000000000000000 

Instructions: (pc=0x00007ff95f21829a)
0x00007ff95f21827a:   48 89 74 24 20 57 41 54 41 55 41 56 44 8b 71 38
0x00007ff95f21828a:   41 bd 00 01 00 00 48 8b 59 08 41 8b f6 4c 63 ca
0x00007ff95f21829a:   41 0f b6 3c 1e 41 0f b6 44 1e 01 41 0f af fd 66
0x00007ff95f2182aa:   03 f8 75 2b 41 0f b6 4c 1e 02 41 0f b6 44 1e 03 


Register to memory mapping:

RAX=0x00007ff95f221a20 is an unknown value
RBX=0x4749534420000400 is an unknown value
RCX=0x0000000021012f50 is an unknown value
RDX=0x0000000000000054 is an unknown value
RSP=0x0000000002c9e6b8 is pointing into the stack for thread: 0x0000000002d67000
RBP=0x0000000002c9e7c0 is pointing into the stack for thread: 0x0000000002d67000
RSI=0x00000000e2330100 is an unknown value
RDI=0x00000000215500e0 is an unknown value
R8 =0x00000000215500e0 is an unknown value
R9 =0x0000000000000054 is an unknown value
R10=0x0000000002fa7f48 is at code_begin+840 in an Interpreter codelet
method entry point (kind = native)  [0x0000000002fa7c00, 0x0000000002fa8560]  2400 bytes
R11=0x000000005368b4d0 is an unknown value
R12=0x0000000000000000 is an unknown value
R13=0x0000000000000100 is an unknown value
R14=0x00000000e2330100 is an unknown value
R15=0x0000000002d67000 is a thread


Stack: [0x0000000002ba0000,0x0000000002ca0000],  sp=0x0000000002c9e6b8,  free space=1017k
Native frames: (J=compiled Java code, j=interpreted, Vv=VM code, C=native code)
C  [lwjgl_stb.dll+0x2829a]
C  [lwjgl_stb.dll+0x2b006]
C  0x0000000002fa7f74

Java frames: (J=compiled Java code, j=interpreted, Vv=VM code)
j  org.lwjgl.stb.STBTruetype.nstbtt_GetCodepointHMetrics(JIJJ)V+0
j  org.lwjgl.stb.STBTruetype.stbtt_GetCodepointHMetrics(Lorg/lwjgl/stb/STBTTFontinfo;ILjava/nio/IntBuffer;Ljava/nio/IntBuffer;)V+29
j  ru.megains.mge.render.font.FontRender$.$anonfun$getWidth$1(Lru/megains/mge/render/font/Font;Ljava/lang/String;Lscala/runtime/FloatRef;I)V+25
j  ru.megains.mge.render.font.FontRender$$$Lambda$51.apply$mcVI$sp(I)V+13
J 1034 C2 scala.collection.immutable.Range.foreach$mVc$sp(Lscala/Function1;)V (39 bytes) @ 0x000000000336e3b8 [0x000000000336e360+0x58]
j  ru.megains.mge.render.font.FontRender$.getWidth(Ljava/lang/String;Lru/megains/mge/render/font/Font;)F+30
j  ru.megains.mge.render.font.FontRender$.createStringGui(Ljava/lang/String;Ljava/awt/Color;Lru/megains/mge/render/font/Font;)Lru/megains/mge/render/mesh/Mesh;+98
j  ru.megains.mge.render.text.Label.text_$eq(Ljava/lang/String;)V+22
j  ru.megains.mge.render.text.Label.<init>(Ljava/lang/String;Lru/megains/mge/render/text/TextStyle;)V+73
j  ru.megains.orangem.client.render.gui.element.MButton$$anon$1.<init>(Lru/megains/orangem/client/render/gui/element/MButton;)V+11
j  ru.megains.orangem.client.render.gui.element.MButton.<init>(Ljava/lang/String;IILscala/Function0;)V+31
j  ru.megains.orangem.client.scene.PlayerSelectScene.<init>(Lru/megains/orangem/client/OrangeMClient;)V+27
j  ru.megains.orangem.client.OrangeMClient.init()Z+56
j  ru.megains.orangem.client.OrangeMClient.start()V+1
j  ru.megains.orangem.client.StartClient$.delayedEndpoint$ru$megains$orangem$client$StartClient$1()V+41
j  ru.megains.orangem.client.StartClient$delayedInit$body.apply()Ljava/lang/Object;+4
j  scala.Function0.apply$mcV$sp()V+1
j  scala.Function0.apply$mcV$sp$(Lscala/Function0;)V+1
j  scala.runtime.AbstractFunction0.apply$mcV$sp()V+1
j  scala.App.$anonfun$main$1(Lscala/Function0;)V+1
j  scala.App.$anonfun$main$1$adapted(Lscala/Function0;)Ljava/lang/Object;+1
j  scala.App$$Lambda$1.apply(Ljava/lang/Object;)Ljava/lang/Object;+4
j  scala.collection.IterableOnceOps.foreach(Lscala/Function1;)V+26
j  scala.collection.IterableOnceOps.foreach$(Lscala/collection/IterableOnceOps;Lscala/Function1;)V+2
j  scala.collection.AbstractIterable.foreach(Lscala/Function1;)V+2
j  scala.App.main([Ljava/lang/String;)V+18
j  scala.App.main$(Lscala/App;[Ljava/lang/String;)V+2
j  ru.megains.orangem.client.StartClient$.main([Ljava/lang/String;)V+2
j  ru.megains.orangem.client.StartClient.main([Ljava/lang/String;)V+4
v  ~StubRoutines::call_stub

---------------  P R O C E S S  ---------------

Java Threads: ( => current thread )
  0x000000001e655000 JavaThread "Service Thread" daemon [_thread_blocked, id=3300, stack(0x00000000206e0000,0x00000000207e0000)]
  0x000000001e651000 JavaThread "C1 CompilerThread3" daemon [_thread_blocked, id=17400, stack(0x000000001fde0000,0x000000001fee0000)]
  0x000000001e64e800 JavaThread "C2 CompilerThread2" daemon [_thread_blocked, id=2184, stack(0x000000001fce0000,0x000000001fde0000)]
  0x000000001e64d800 JavaThread "C2 CompilerThread1" daemon [_thread_blocked, id=14464, stack(0x000000001fbe0000,0x000000001fce0000)]
  0x000000001e666800 JavaThread "C2 CompilerThread0" daemon [_thread_blocked, id=5348, stack(0x000000001fae0000,0x000000001fbe0000)]
  0x000000001e6b7800 JavaThread "Monitor Ctrl-Break" daemon [_thread_in_native, id=7072, stack(0x000000001f9e0000,0x000000001fae0000)]
  0x000000001e38d800 JavaThread "Attach Listener" daemon [_thread_blocked, id=10724, stack(0x000000001f8e0000,0x000000001f9e0000)]
  0x000000001e38c800 JavaThread "Signal Dispatcher" daemon [_thread_blocked, id=7232, stack(0x000000001f7e0000,0x000000001f8e0000)]
  0x000000001e373800 JavaThread "Finalizer" daemon [_thread_blocked, id=11224, stack(0x000000001f5d0000,0x000000001f6d0000)]
  0x000000001cc9e000 JavaThread "Reference Handler" daemon [_thread_blocked, id=14248, stack(0x000000001f4d0000,0x000000001f5d0000)]
=>0x0000000002d67000 JavaThread "main" [_thread_in_native, id=4472, stack(0x0000000002ba0000,0x0000000002ca0000)]

Other Threads:
  0x0000000002e5e000 VMThread [stack: 0x000000001f3d0000,0x000000001f4d0000] [id=6836]
  0x000000001ffe6800 WatcherThread [stack: 0x00000000207e0000,0x00000000208e0000] [id=15856]

VM state:not at safepoint (normal execution)

VM Mutex/Monitor currently owned by a thread: None

Heap:
 PSYoungGen      total 76288K, used 41590K [0x000000076ae00000, 0x0000000774300000, 0x00000007c0000000)
  eden space 65536K, 57% used [0x000000076ae00000,0x000000076d28d9c0,0x000000076ee00000)
  from space 10752K, 38% used [0x000000076ee00000,0x000000076f210010,0x000000076f880000)
  to   space 10752K, 0% used [0x0000000773880000,0x0000000773880000,0x0000000774300000)
 ParOldGen       total 175104K, used 32K [0x00000006c0a00000, 0x00000006cb500000, 0x000000076ae00000)
  object space 175104K, 0% used [0x00000006c0a00000,0x00000006c0a08000,0x00000006cb500000)
 Metaspace       used 18406K, capacity 18785K, committed 19072K, reserved 1067008K
  class space    used 1970K, capacity 2101K, committed 2176K, reserved 1048576K

Card table byte_map: [0x0000000012350000,0x0000000012b50000] byte_map_base: 0x000000000ed4b000

Marking Bits: (ParMarkBitMap*) 0x0000000053c7d850
 Begin Bits: [0x0000000013ab0000, 0x0000000017a88000)
 End Bits:   [0x0000000017a88000, 0x000000001ba60000)

Polling page: 0x0000000001180000

CodeCache: size=245760Kb used=4262Kb max_used=4262Kb free=241497Kb
 bounds [0x0000000002f90000, 0x00000000033c0000, 0x0000000011f90000]
 total_blobs=2194 nmethods=1125 adapters=982
 compilation: enabled

Compilation events (10 events):
Event: 1.366 Thread 0x000000001e651000 1118       3       scala.collection.mutable.ArrayBuffer::addOne (33 bytes)
Event: 1.367 Thread 0x000000001e651000 nmethod 1118 0x00000000033b9510 code [0x00000000033b96a0, 0x00000000033b9ad8]
Event: 1.367 Thread 0x000000001e651000 1119       3       scala.collection.ArrayOps$ArrayIterator::hasNext (15 bytes)
Event: 1.367 Thread 0x000000001e651000 nmethod 1119 0x00000000033b9c50 code [0x00000000033b9da0, 0x00000000033b9f50]
Event: 1.367 Thread 0x000000001e651000 1124       3       java.lang.invoke.CallSite::maybeReBox (28 bytes)
Event: 1.367 Thread 0x000000001e651000 nmethod 1124 0x00000000033b9fd0 code [0x00000000033ba160, 0x00000000033ba7f0]
Event: 1.367 Thread 0x000000001e651000 1125       3       jdk.internal.org.objectweb.asm.MethodWriter::noSuccessor (87 bytes)
Event: 1.367 Thread 0x000000001e651000 nmethod 1125 0x00000000033baa50 code [0x00000000033babe0, 0x00000000033bb0e8]
Event: 1.367 Thread 0x000000001e651000 1126       3       jdk.internal.org.objectweb.asm.MethodWriter::visitLdcInsn (176 bytes)
Event: 1.367 Thread 0x000000001e651000 nmethod 1126 0x00000000033bb310 code [0x00000000033bb4e0, 0x00000000033bbb28]

GC Heap History (6 events):
Event: 1.068 GC heap before
{Heap before GC invocations=1 (full 0):
 PSYoungGen      total 76288K, used 65536K [0x000000076ae00000, 0x0000000770300000, 0x00000007c0000000)
  eden space 65536K, 100% used [0x000000076ae00000,0x000000076ee00000,0x000000076ee00000)
  from space 10752K, 0% used [0x000000076f880000,0x000000076f880000,0x0000000770300000)
  to   space 10752K, 0% used [0x000000076ee00000,0x000000076ee00000,0x000000076f880000)
 ParOldGen       total 175104K, used 0K [0x00000006c0a00000, 0x00000006cb500000, 0x000000076ae00000)
  object space 175104K, 0% used [0x00000006c0a00000,0x00000006c0a00000,0x00000006cb500000)
 Metaspace       used 17194K, capacity 17505K, committed 17920K, reserved 1064960K
  class space    used 1808K, capacity 1940K, committed 2048K, reserved 1048576K
Event: 1.074 GC heap after
Heap after GC invocations=1 (full 0):
 PSYoungGen      total 76288K, used 10030K [0x000000076ae00000, 0x0000000770300000, 0x00000007c0000000)
  eden space 65536K, 0% used [0x000000076ae00000,0x000000076ae00000,0x000000076ee00000)
  from space 10752K, 93% used [0x000000076ee00000,0x000000076f7cbbd0,0x000000076f880000)
  to   space 10752K, 0% used [0x000000076f880000,0x000000076f880000,0x0000000770300000)
 ParOldGen       total 175104K, used 16K [0x00000006c0a00000, 0x00000006cb500000, 0x000000076ae00000)
  object space 175104K, 0% used [0x00000006c0a00000,0x00000006c0a04000,0x00000006cb500000)
 Metaspace       used 17194K, capacity 17505K, committed 17920K, reserved 1064960K
  class space    used 1808K, capacity 1940K, committed 2048K, reserved 1048576K
}
Event: 1.264 GC heap before
{Heap before GC invocations=2 (full 0):
 PSYoungGen      total 76288K, used 75566K [0x000000076ae00000, 0x0000000770300000, 0x00000007c0000000)
  eden space 65536K, 100% used [0x000000076ae00000,0x000000076ee00000,0x000000076ee00000)
  from space 10752K, 93% used [0x000000076ee00000,0x000000076f7cbbd0,0x000000076f880000)
  to   space 10752K, 0% used [0x000000076f880000,0x000000076f880000,0x0000000770300000)
 ParOldGen       total 175104K, used 16K [0x00000006c0a00000, 0x00000006cb500000, 0x000000076ae00000)
  object space 175104K, 0% used [0x00000006c0a00000,0x00000006c0a04000,0x00000006cb500000)
 Metaspace       used 18294K, capacity 18697K, committed 19072K, reserved 1067008K
  class space    used 1962K, capacity 2092K, committed 2176K, reserved 1048576K
Event: 1.267 GC heap after
Heap after GC invocations=2 (full 0):
 PSYoungGen      total 76288K, used 4545K [0x000000076ae00000, 0x0000000770300000, 0x00000007c0000000)
  eden space 65536K, 0% used [0x000000076ae00000,0x000000076ae00000,0x000000076ee00000)
  from space 10752K, 42% used [0x000000076f880000,0x000000076fcf0488,0x0000000770300000)
  to   space 10752K, 0% used [0x000000076ee00000,0x000000076ee00000,0x000000076f880000)
 ParOldGen       total 175104K, used 24K [0x00000006c0a00000, 0x00000006cb500000, 0x000000076ae00000)
  object space 175104K, 0% used [0x00000006c0a00000,0x00000006c0a06000,0x00000006cb500000)
 Metaspace       used 18294K, capacity 18697K, committed 19072K, reserved 1067008K
  class space    used 1962K, capacity 2092K, committed 2176K, reserved 1048576K
}
Event: 1.346 GC heap before
{Heap before GC invocations=3 (full 0):
 PSYoungGen      total 76288K, used 70081K [0x000000076ae00000, 0x0000000770300000, 0x00000007c0000000)
  eden space 65536K, 100% used [0x000000076ae00000,0x000000076ee00000,0x000000076ee00000)
  from space 10752K, 42% used [0x000000076f880000,0x000000076fcf0488,0x0000000770300000)
  to   space 10752K, 0% used [0x000000076ee00000,0x000000076ee00000,0x000000076f880000)
 ParOldGen       total 175104K, used 24K [0x00000006c0a00000, 0x00000006cb500000, 0x000000076ae00000)
  object space 175104K, 0% used [0x00000006c0a00000,0x00000006c0a06000,0x00000006cb500000)
 Metaspace       used 18294K, capacity 18697K, committed 19072K, reserved 1067008K
  class space    used 1962K, capacity 2092K, committed 2176K, reserved 1048576K
Event: 1.349 GC heap after
Heap after GC invocations=3 (full 0):
 PSYoungGen      total 76288K, used 4160K [0x000000076ae00000, 0x0000000774300000, 0x00000007c0000000)
  eden space 65536K, 0% used [0x000000076ae00000,0x000000076ae00000,0x000000076ee00000)
  from space 10752K, 38% used [0x000000076ee00000,0x000000076f210010,0x000000076f880000)
  to   space 10752K, 0% used [0x0000000773880000,0x0000000773880000,0x0000000774300000)
 ParOldGen       total 175104K, used 32K [0x00000006c0a00000, 0x00000006cb500000, 0x000000076ae00000)
  object space 175104K, 0% used [0x00000006c0a00000,0x00000006c0a08000,0x00000006cb500000)
 Metaspace       used 18294K, capacity 18697K, committed 19072K, reserved 1067008K
  class space    used 1962K, capacity 2092K, committed 2176K, reserved 1048576K
}

Deoptimization events (10 events):
Event: 0.372 Thread 0x0000000002d67000 Uncommon trap: reason=unstable_if action=reinterpret pc=0x000000000310de8c method=sun.misc.URLClassPath.getLoader(I)Lsun/misc/URLClassPath$Loader; @ 36
Event: 0.372 Thread 0x0000000002d67000 Uncommon trap: reason=unstable_if action=reinterpret pc=0x000000000310b164 method=java.lang.String.indexOf([CII[CIII)I @ 134
Event: 0.381 Thread 0x0000000002d67000 Uncommon trap: reason=null_check action=make_not_entrant pc=0x00000000030c8ef4 method=java.lang.String.equals(Ljava/lang/Object;)Z @ 8
Event: 0.388 Thread 0x0000000002d67000 Uncommon trap: reason=unstable_if action=reinterpret pc=0x000000000312d5ec method=sun.misc.MetaIndex.mayContain(Ljava/lang/String;)Z @ 13
Event: 0.388 Thread 0x0000000002d67000 Uncommon trap: reason=unstable_if action=reinterpret pc=0x0000000003161d50 method=java.lang.String.lastIndexOf([CII[CIII)I @ 66
Event: 0.475 Thread 0x0000000002d67000 Uncommon trap: reason=unstable_if action=reinterpret pc=0x000000000324165c method=sun.misc.MetaIndex.mayContain(Ljava/lang/String;)Z @ 38
Event: 0.475 Thread 0x0000000002d67000 Uncommon trap: reason=unstable_if action=reinterpret pc=0x0000000003228f34 method=java.util.zip.ZipCoder.encoder()Ljava/nio/charset/CharsetEncoder; @ 4
Event: 0.475 Thread 0x0000000002d67000 Uncommon trap: reason=unstable_if action=reinterpret pc=0x0000000003230d94 method=sun.misc.MetaIndex.mayContain(Ljava/lang/String;)Z @ 38
Event: 0.475 Thread 0x0000000002d67000 Uncommon trap: reason=unstable_if action=reinterpret pc=0x000000000320f6b8 method=java.util.zip.ZipCoder.encoder()Ljava/nio/charset/CharsetEncoder; @ 4
Event: 1.276 Thread 0x0000000002d67000 Uncommon trap: reason=unstable_if action=reinterpret pc=0x00000000033b2a04 method=scala.collection.immutable.Range.foreach(Lscala/Function1;)V @ 28

Internal exceptions (10 events):
Event: 0.827 Thread 0x0000000002d67000 Exception <a 'sun/nio/fs/WindowsException'> (0x000000076d932be0) thrown at [C:\re\workspace\8-2-build-windows-amd64-cygwin\jdk8u151\9699\hotspot\src\share\vm\prims\jni.cpp, line 709]
Event: 0.827 Thread 0x0000000002d67000 Exception <a 'sun/nio/fs/WindowsException'> (0x000000076d9333c0) thrown at [C:\re\workspace\8-2-build-windows-amd64-cygwin\jdk8u151\9699\hotspot\src\share\vm\prims\jni.cpp, line 709]
Event: 0.990 Thread 0x0000000002d67000 Exception <a 'java/lang/NoSuchMethodError': org.slf4j.impl.StaticMDCBinder.getSingleton()Lorg/slf4j/impl/StaticMDCBinder;> (0x000000076e57ecb8) thrown at [C:\re\workspace\8-2-build-windows-amd64-cygwin\jdk8u151\9699\hotspot\src\share\vm\interpreter\linkRe
Event: 1.036 Thread 0x0000000002d67000 Exception <a 'sun/nio/fs/WindowsException'> (0x000000076e98cd40) thrown at [C:\re\workspace\8-2-build-windows-amd64-cygwin\jdk8u151\9699\hotspot\src\share\vm\prims\jni.cpp, line 709]
Event: 1.036 Thread 0x0000000002d67000 Exception <a 'sun/nio/fs/WindowsException'> (0x000000076e98d630) thrown at [C:\re\workspace\8-2-build-windows-amd64-cygwin\jdk8u151\9699\hotspot\src\share\vm\prims\jni.cpp, line 709]
Event: 1.045 Thread 0x0000000002d67000 Exception <a 'sun/nio/fs/WindowsException'> (0x000000076e9ece80) thrown at [C:\re\workspace\8-2-build-windows-amd64-cygwin\jdk8u151\9699\hotspot\src\share\vm\prims\jni.cpp, line 709]
Event: 1.045 Thread 0x0000000002d67000 Exception <a 'sun/nio/fs/WindowsException'> (0x000000076e9ed550) thrown at [C:\re\workspace\8-2-build-windows-amd64-cygwin\jdk8u151\9699\hotspot\src\share\vm\prims\jni.cpp, line 709]
Event: 1.045 Thread 0x0000000002d67000 Implicit null exception at 0x00000000032eca7e to 0x00000000032ecb8f
Event: 1.045 Thread 0x0000000002d67000 Exception <a 'java/lang/NullPointerException'> (0x000000076e9fa0c8) thrown at [C:\re\workspace\8-2-build-windows-amd64-cygwin\jdk8u151\9699\hotspot\src\share\vm\runtime\sharedRuntime.cpp, line 605]
Event: 1.154 Thread 0x0000000002d67000 Exception <a 'java/io/FileNotFoundException'> (0x000000076d1f6e30) thrown at [C:\re\workspace\8-2-build-windows-amd64-cygwin\jdk8u151\9699\hotspot\src\share\vm\prims\jni.cpp, line 709]

Events (10 events):
Event: 1.365 loading class scala/Char$
Event: 1.365 loading class scala/Char$ done
Event: 1.365 loading class scala/AnyValCompanion
Event: 1.365 loading class scala/AnyValCompanion done
Event: 1.366 loading class scala/runtime/FloatRef
Event: 1.366 loading class scala/runtime/FloatRef done
Event: 1.366 loading class ru/megains/mge/render/font/Font
Event: 1.366 loading class ru/megains/mge/render/font/Font done
Event: 1.367 loading class ru/megains/mge/render/font/Font
Event: 1.367 loading class ru/megains/mge/render/font/Font done


Dynamic libraries:
0x00007ff6fa470000 - 0x00007ff6fa4a7000 	C:\Program Files\Java\jdk1.8.0_151\bin\java.exe
0x00007ff9864d0000 - 0x00007ff9866c5000 	C:\WINDOWS\SYSTEM32\ntdll.dll
0x00007ff948270000 - 0x00007ff948286000 	C:\Program Files\AVAST Software\Avast\aswhook.dll
0x00007ff9845a0000 - 0x00007ff98465e000 	C:\WINDOWS\System32\KERNEL32.DLL
0x00007ff983e50000 - 0x00007ff984118000 	C:\WINDOWS\System32\KERNELBASE.dll
0x00007ff984660000 - 0x00007ff98470c000 	C:\WINDOWS\System32\ADVAPI32.dll
0x00007ff984a00000 - 0x00007ff984a9e000 	C:\WINDOWS\System32\msvcrt.dll
0x00007ff985e40000 - 0x00007ff985edb000 	C:\WINDOWS\System32\sechost.dll
0x00007ff9856d0000 - 0x00007ff9857fa000 	C:\WINDOWS\System32\RPCRT4.dll
0x00007ff984c50000 - 0x00007ff984df1000 	C:\WINDOWS\System32\USER32.dll
0x00007ff9844f0000 - 0x00007ff984512000 	C:\WINDOWS\System32\win32u.dll
0x00007ff985ab0000 - 0x00007ff985adb000 	C:\WINDOWS\System32\GDI32.dll
0x00007ff983d40000 - 0x00007ff983e4b000 	C:\WINDOWS\System32\gdi32full.dll
0x00007ff983bf0000 - 0x00007ff983c8d000 	C:\WINDOWS\System32\msvcp_win.dll
0x00007ff9843f0000 - 0x00007ff9844f0000 	C:\WINDOWS\System32\ucrtbase.dll
0x00007ff9728c0000 - 0x00007ff972b5a000 	C:\WINDOWS\WinSxS\amd64_microsoft.windows.common-controls_6595b64144ccf1df_6.0.19041.1110_none_60b5254171f9507e\COMCTL32.dll
0x00007ff985800000 - 0x00007ff985830000 	C:\WINDOWS\System32\IMM32.DLL
0x00000000540f0000 - 0x00000000541c2000 	C:\Program Files\Java\jdk1.8.0_151\jre\bin\msvcr100.dll
0x0000000053460000 - 0x0000000053cfd000 	C:\Program Files\Java\jdk1.8.0_151\jre\bin\server\jvm.dll
0x00007ff9848e0000 - 0x00007ff9848e8000 	C:\WINDOWS\System32\PSAPI.DLL
0x00007ff974830000 - 0x00007ff974857000 	C:\WINDOWS\SYSTEM32\WINMM.dll
0x00007ff96d8e0000 - 0x00007ff96d8e9000 	C:\WINDOWS\SYSTEM32\WSOCK32.dll
0x00007ff97dfb0000 - 0x00007ff97dfba000 	C:\WINDOWS\SYSTEM32\VERSION.dll
0x00007ff985550000 - 0x00007ff9855bb000 	C:\WINDOWS\System32\WS2_32.dll
0x00000000540e0000 - 0x00000000540ef000 	C:\Program Files\Java\jdk1.8.0_151\jre\bin\verify.dll
0x00000000540b0000 - 0x00000000540d9000 	C:\Program Files\Java\jdk1.8.0_151\jre\bin\java.dll
0x0000000053430000 - 0x0000000053453000 	C:\Program Files\Java\jdk1.8.0_151\jre\bin\instrument.dll
0x0000000054090000 - 0x00000000540a6000 	C:\Program Files\Java\jdk1.8.0_151\jre\bin\zip.dll
0x00007ff984e00000 - 0x00007ff98553f000 	C:\WINDOWS\System32\SHELL32.dll
0x00007ff981d10000 - 0x00007ff9824a0000 	C:\WINDOWS\SYSTEM32\windows.storage.dll
0x00007ff985ae0000 - 0x00007ff985e35000 	C:\WINDOWS\System32\combase.dll
0x00007ff983640000 - 0x00007ff98366e000 	C:\WINDOWS\SYSTEM32\Wldp.dll
0x00007ff985620000 - 0x00007ff9856cd000 	C:\WINDOWS\System32\SHCORE.dll
0x00007ff984540000 - 0x00007ff984595000 	C:\WINDOWS\System32\shlwapi.dll
0x00007ff983b30000 - 0x00007ff983b4f000 	C:\WINDOWS\SYSTEM32\profapi.dll
0x00007ff96df90000 - 0x00007ff96dfaa000 	C:\Program Files\JetBrains\IntelliJ IDEA 2021.2.2\bin\breakgen64.dll
0x0000000054070000 - 0x000000005408a000 	C:\Program Files\Java\jdk1.8.0_151\jre\bin\net.dll
0x00007ff983330000 - 0x00007ff98339a000 	C:\WINDOWS\system32\mswsock.dll
0x0000000054050000 - 0x0000000054061000 	C:\Program Files\Java\jdk1.8.0_151\jre\bin\nio.dll
0x00007ff96a0e0000 - 0x00007ff96a144000 	C:\Users\Bukka\AppData\Local\Temp\lwjglBukka\3.2.3-SNAPSHOT\lwjgl.dll
0x00007ff96a070000 - 0x00007ff96a0d2000 	C:\Users\Bukka\AppData\Local\Temp\lwjglBukka\3.2.3-SNAPSHOT\glfw.dll
0x00007ff981630000 - 0x00007ff9816ce000 	C:\WINDOWS\system32\uxtheme.dll
0x00007ff96df40000 - 0x00007ff96df85000 	C:\WINDOWS\SYSTEM32\dinput8.dll
0x00007ff96ded0000 - 0x00007ff96dee1000 	C:\WINDOWS\SYSTEM32\xinput1_4.dll
0x00007ff983cf0000 - 0x00007ff983d3e000 	C:\WINDOWS\System32\cfgmgr32.dll
0x00007ff9839b0000 - 0x00007ff9839e4000 	C:\WINDOWS\SYSTEM32\DEVOBJ.dll
0x00007ff981930000 - 0x00007ff98195f000 	C:\WINDOWS\SYSTEM32\dwmapi.dll
0x00007ff978690000 - 0x00007ff9787e2000 	C:\WINDOWS\SYSTEM32\inputhost.dll
0x00007ff9858b0000 - 0x00007ff98597d000 	C:\WINDOWS\System32\OLEAUT32.dll
0x00007ff981130000 - 0x00007ff981222000 	C:\WINDOWS\SYSTEM32\CoreMessaging.dll
0x00007ff980700000 - 0x00007ff980854000 	C:\WINDOWS\SYSTEM32\wintypes.dll
0x00007ff97f500000 - 0x00007ff97f5f6000 	C:\WINDOWS\SYSTEM32\PROPSYS.dll
0x00007ff980dd0000 - 0x00007ff98112e000 	C:\WINDOWS\SYSTEM32\CoreUIComponents.dll
0x00007ff984150000 - 0x00007ff9841d3000 	C:\WINDOWS\System32\bcryptPrimitives.dll
0x00007ff9828e0000 - 0x00007ff982913000 	C:\WINDOWS\SYSTEM32\ntmarta.dll
0x00007ff981b10000 - 0x00007ff981b22000 	C:\WINDOWS\SYSTEM32\kernel.appcore.dll
0x00007ff908b50000 - 0x00007ff908c4c000 	C:\ProgramData\A-Volute\A-Volute.Nahimic\Modules\Scheduled\x64\A-Volute.NahimicDevProps2.dll
0x00007ff985980000 - 0x00007ff985aaa000 	C:\WINDOWS\System32\ole32.dll
0x00007ff985ef0000 - 0x00007ff986005000 	C:\WINDOWS\System32\MSCTF.dll
0x00007ff9824a0000 - 0x00007ff9824ad000 	C:\WINDOWS\SYSTEM32\HID.DLL
0x00007ff986010000 - 0x00007ff986482000 	C:\WINDOWS\System32\SETUPAPI.DLL
0x00007ff984120000 - 0x00007ff984147000 	C:\WINDOWS\System32\bcrypt.dll
0x00007ff983c90000 - 0x00007ff983cf0000 	C:\WINDOWS\System32\WINTRUST.dll
0x00007ff9841e0000 - 0x00007ff984336000 	C:\WINDOWS\System32\CRYPT32.dll
0x00007ff9837d0000 - 0x00007ff9837e2000 	C:\WINDOWS\SYSTEM32\MSASN1.dll
0x00007ff93fb60000 - 0x00007ff93fc85000 	C:\WINDOWS\SYSTEM32\opengl32.dll
0x00007ff93fb30000 - 0x00007ff93fb5c000 	C:\WINDOWS\SYSTEM32\GLU32.dll
0x00007ff984950000 - 0x00007ff9849f9000 	C:\WINDOWS\System32\clbcatq.dll
0x00007ff8ddb20000 - 0x00007ff8e0800000 	C:\WINDOWS\System32\DriverStore\FileRepository\nvmdi.inf_amd64_c334d154be86839e\nvoglv64.dll
0x00007ff97f910000 - 0x00007ff97f924000 	C:\WINDOWS\SYSTEM32\WTSAPI32.dll
0x00007ff97da20000 - 0x00007ff97da51000 	C:\WINDOWS\SYSTEM32\cryptnet.dll
0x00007ff983590000 - 0x00007ff98359c000 	C:\WINDOWS\SYSTEM32\cryptbase.dll
0x00007ff97e7c0000 - 0x00007ff97e7fb000 	C:\WINDOWS\SYSTEM32\dxcore.dll
0x00007ff90e680000 - 0x00007ff90e93e000 	C:\WINDOWS\system32\nvspcap64.dll
0x00007ff983420000 - 0x00007ff98346b000 	C:\WINDOWS\SYSTEM32\powrprof.dll
0x00007ff983400000 - 0x00007ff983412000 	C:\WINDOWS\SYSTEM32\UMPDC.dll
0x00007ff983130000 - 0x00007ff98318a000 	C:\WINDOWS\SYSTEM32\WINSTA.dll
0x00007ff9787f0000 - 0x00007ff9788e9000 	C:\WINDOWS\SYSTEM32\textinputframework.dll
0x00007ff969ba0000 - 0x00007ff969bf9000 	C:\Users\Bukka\AppData\Local\Temp\lwjglBukka\3.2.3-SNAPSHOT\lwjgl_opengl.dll
0x00007ff95f1f0000 - 0x00007ff95f271000 	C:\Users\Bukka\AppData\Local\Temp\lwjglBukka\3.2.3-SNAPSHOT\lwjgl_stb.dll
0x0000000053290000 - 0x0000000053428000 	C:\Program Files\Java\jdk1.8.0_151\jre\bin\awt.dll
0x00007ff981460000 - 0x00007ff9814f0000 	C:\WINDOWS\SYSTEM32\apphelp.dll
0x00007ff97cc10000 - 0x00007ff97cdf4000 	C:\WINDOWS\SYSTEM32\dbghelp.dll

VM Arguments:
jvm_args: -javaagent:C:\Program Files\JetBrains\IntelliJ IDEA 2021.2.2\lib\idea_rt.jar=3888:C:\Program Files\JetBrains\IntelliJ IDEA 2021.2.2\bin -Dfile.encoding=UTF-8 
java_command: ru.megains.orangem.client.StartClient
java_class_path (initial): C:\Program Files\Java\jdk1.8.0_151\jre\lib\charsets.jar;C:\Program Files\Java\jdk1.8.0_151\jre\lib\deploy.jar;C:\Program Files\Java\jdk1.8.0_151\jre\lib\ext\access-bridge-64.jar;C:\Program Files\Java\jdk1.8.0_151\jre\lib\ext\cldrdata.jar;C:\Program Files\Java\jdk1.8.0_151\jre\lib\ext\dnsns.jar;C:\Program Files\Java\jdk1.8.0_151\jre\lib\ext\jaccess.jar;C:\Program Files\Java\jdk1.8.0_151\jre\lib\ext\jfxrt.jar;C:\Program Files\Java\jdk1.8.0_151\jre\lib\ext\localedata.jar;C:\Program Files\Java\jdk1.8.0_151\jre\lib\ext\nashorn.jar;C:\Program Files\Java\jdk1.8.0_151\jre\lib\ext\sunec.jar;C:\Program Files\Java\jdk1.8.0_151\jre\lib\ext\sunjce_provider.jar;C:\Program Files\Java\jdk1.8.0_151\jre\lib\ext\sunmscapi.jar;C:\Program Files\Java\jdk1.8.0_151\jre\lib\ext\sunpkcs11.jar;C:\Program Files\Java\jdk1.8.0_151\jre\lib\ext\zipfs.jar;C:\Program Files\Java\jdk1.8.0_151\jre\lib\javaws.jar;C:\Program Files\Java\jdk1.8.0_151\jre\lib\jce.jar;C:\Program Files\Java\jdk1.8.0_151\jre\lib\jfr.jar;C:\Program Files\Java\jdk1.8.0_151\jre\lib\jfxswt.jar;C:\Program Files\Java\jdk1.8.0_151\jre\lib\jsse.jar;C:\Program Files\Java\jdk1.8.0_151\jre\lib\management-agent.jar;C:\Program Files\Java\jdk1.8.0_151\jre\lib\plugin.jar;C:\Program Files\Java\jdk1.8.0_151\jre\lib\resources.jar;C:\Program Files\Java\jdk1.8.0_151\jre\lib\rt.jar;Z:\OrangeM\client\target\scala-2.13\classes;Z:\OrangeM\common\target\scala-2.13\classes;C:\Users\Bukka\AppData\Local\Coursier\cache\v1\https\repo1.maven.org\maven2\ch\qos\logback\logback-classic\1.2.3\logback-classic-1.2.3.jar;C:\Users\Bukka\AppData\Local\Coursier\cache\v1\https\repo1.maven.org\maven2\ch\qos\logback\logback-core\1.2.3\logback-core-1.2.3.jar;C:\Users\Bukka\AppData\Local\Coursier\cache\v1\https\repo1.maven.org\maven2\com\barchart\udt\barchart-udt-bundle\2.3.0\barchart-udt-bundle-2.3.0.jar;C:\Users\Bukka\AppData\Local\Coursier\cache\v1\https\repo1.maven.org\maven2\com\fasterxml\aalto-xml\1.0.0\aalto-xml-1.0.0.jar;C:\Users\Bukka
Launcher Type: SUN_STANDARD

Environment Variables:
JAVA_HOME=C:\Program Files\Java\jdk1.8.0_151
PATH=C:\Program Files (x86)\Common Files\Oracle\Java\javapath;C:\Program Files\NVIDIA GPU Computing Toolkit\CUDA\v8.0\bin;C:\Program Files\NVIDIA GPU Computing Toolkit\CUDA\v8.0\libnvvp;C:\ProgramData\Oracle\Java\javapath;C:\WINDOWS\system32;C:\WINDOWS;C:\WINDOWS\System32\Wbem;C:\WINDOWS\System32\WindowsPowerShell\v1.0\;C:\Program Files\Java\jdk1.8.0_151\bin;C:\Program Files (x86)\NVIDIA Corporation\PhysX\Common;C:\Program Files\TortoiseGit\bin;C:\Program Files\Maven\bin;C:\Program Files (x86)\Common Files\Acronis\SnapAPI\;C:\WINDOWS\System32\OpenSSH\;C:\Program Files\MySQL\MySQL Utilities 1.6\;C:\Program Files (x86)\GtkSharp\2.12\bin;C:\Program Files\PuTTY\;C:\Program Files (x86)\sbt\bin;C:\Program Files\Microsoft SQL Server\120\Tools\Binn\;C:\Program Files (x86)\Brackets\command;C:\Program Files\nodejs\;C:\Program Files\Common Files\Autodesk Shared\;C:\Program Files\NVIDIA Corporation\NVIDIA NvDLISR;C:\WINDOWS\system32;C:\WINDOWS;C:\WINDOWS\System32\Wbem;C:\WINDOWS\System32\WindowsPowerShell\v1.0\;C:\WINDOWS\System32\OpenSSH\;C:\Program Files\Microsoft SQL Server\Client SDK\ODBC\110\Tools\Binn\;C:\Program Files (x86)\Microsoft SQL Server\120\Tools\Binn\;C:\Program Files\Microsoft SQL Server\120\DTS\Binn\;C:\Program Files (x86)\Windows Kits\8.1\Windows Performance Toolkit\;Z:\flutter\bin;Z:\flutter\bin\cache\dart-sdk\bin;C:\Users\Bukka\.cargo\bin;C:\Program Files\Git\cmd;C:\Users\Bukka\AppData\Local\Microsoft\WindowsApps;;C:\Users\Bukka\.conscript\bin;C:\Users\Bukka\AppData\Local\Microsoft\WindowsApps;C:\Users\Bukka\AppData\Roaming\npm;C:\Program Files\JetBrains\IntelliJ IDEA 2020.1\bin;
USERNAME=Bukka
OS=Windows_NT
PROCESSOR_IDENTIFIER=Intel64 Family 6 Model 158 Stepping 10, GenuineIntel



---------------  S Y S T E M  ---------------

OS: Windows 10.0 , 64 bit Build 19041 (10.0.19041.1348)

CPU:total 12 (initial active 12) (6 cores per cpu, 2 threads per core) family 6 model 158 stepping 10, cmov, cx8, fxsr, mmx, sse, sse2, sse3, ssse3, sse4.1, sse4.2, popcnt, avx, avx2, aes, clmul, erms, rtm, 3dnowpref, lzcnt, ht, tsc, tscinvbit, bmi1, bmi2, adx

Memory: 4k page, physical 16730872k(5807832k free), swap 28789496k(11152604k free)

vm_info: Java HotSpot(TM) 64-Bit Server VM (25.151-b12) for windows-amd64 JRE (1.8.0_151-b12), built on Sep  5 2017 19:33:46 by "java_re" with MS VC++ 10.0 (VS2010)

time: Tue Dec 14 13:14:10 2021
elapsed time: 1 seconds (0d 0h 0m 1s)

